2022.06.14 19:52:54 INFO  web[][o.s.p.ProcessEntryPoint] Starting Web Server
2022.06.14 19:52:55 INFO  web[][o.s.s.p.LogServerVersion] SonarQube Server / 9.5.0.56709 / 3185a5669fdfaf7e4fa6dc7876e0b0dfd5d2aae7
2022.06.14 19:52:55 INFO  web[][o.sonar.db.Database] Create JDBC data source for jdbc:postgresql://db:5432/sonar
2022.06.14 19:52:56 INFO  web[][o.s.s.p.ServerFileSystemImpl] SonarQube home: /opt/sonarqube
2022.06.14 19:52:56 INFO  web[][o.s.s.u.SystemPasscodeImpl] System authentication by passcode is disabled
2022.06.14 19:52:56 INFO  web[][o.s.s.p.d.m.h.MigrationHistoryTableImpl] Creating table schema_migrations
2022.06.14 19:52:57 INFO  web[][o.s.s.p.ServerPluginManager] Deploy C# Code Quality and Security / 8.40.0.48530 / 1032f59c84b83ac511bb0ddce6be4e53590df0f3
2022.06.14 19:52:57 INFO  web[][o.s.s.p.ServerPluginManager] Deploy Configuration detection fot Code Quality and Security / 1.2.0.267 / 4f37ba9ffb37a96d5883e52ad392ed32c5c6eaab
2022.06.14 19:52:57 INFO  web[][o.s.s.p.ServerPluginManager] Deploy Flex Code Quality and Security / 2.7.0.2865 / 9e61d9774455b25eefd0b71bf8903cb030641864
2022.06.14 19:52:57 INFO  web[][o.s.s.p.ServerPluginManager] Deploy Go Code Quality and Security / 1.9.0.3429 / faf3c08c0ebf3a877186442cd4a0ddd50de079a8
2022.06.14 19:52:57 INFO  web[][o.s.s.p.ServerPluginManager] Deploy HTML Code Quality and Security / 3.6.0.3106 / 963bdc9f051f5dcb698b418790364231aeea04f2
2022.06.14 19:52:57 INFO  web[][o.s.s.p.ServerPluginManager] Deploy IaC Code Quality and Security / 1.7.0.2012 / a006dbf717537ce3a87bb2b6b088597ead3273d1
2022.06.14 19:52:57 INFO  web[][o.s.s.p.ServerPluginManager] Deploy JaCoCo / 1.1.1.1157 / 83478572b9f23efac29de15e30c7758bbb0c0e47
2022.06.14 19:52:57 INFO  web[][o.s.s.p.ServerPluginManager] Deploy Java Code Quality and Security / 7.12.0.29739 / 0d02c81aa01624ff348b01257ecf7288bbbe0a16
2022.06.14 19:52:57 INFO  web[][o.s.s.p.ServerPluginManager] Deploy JavaScript/TypeScript/CSS Code Quality and Security / 9.3.0.18033 / 8fd364274dc85afd7e70fe8d86b7427b3f8fe3a9
2022.06.14 19:52:57 INFO  web[][o.s.s.p.ServerPluginManager] Deploy Kotlin Code Quality and Security / 2.9.0.1147 / 6ce439214a685d4aabde6461fd609a9a9c1df1c6
2022.06.14 19:52:57 INFO  web[][o.s.s.p.ServerPluginManager] Deploy PHP Code Quality and Security / 3.23.1.8766 / db197ac9daccf3d305ad5e40618a65a95f3d5dde
2022.06.14 19:52:57 INFO  web[][o.s.s.p.ServerPluginManager] Deploy Python Code Quality and Security / 3.13.0.9611 / 59566828fb593103a5b39147d918b1314561b0e4
2022.06.14 19:52:57 INFO  web[][o.s.s.p.ServerPluginManager] Deploy Ruby Code Quality and Security / 1.9.0.3429 / faf3c08c0ebf3a877186442cd4a0ddd50de079a8
2022.06.14 19:52:57 INFO  web[][o.s.s.p.ServerPluginManager] Deploy Scala Code Quality and Security / 1.9.0.3429 / faf3c08c0ebf3a877186442cd4a0ddd50de079a8
2022.06.14 19:52:57 INFO  web[][o.s.s.p.ServerPluginManager] Deploy Text file Code Quality and Security / 1.1.0.282 / a90347d77706f598413780a08442deec4ae68f4e
2022.06.14 19:52:57 INFO  web[][o.s.s.p.ServerPluginManager] Deploy VB.NET Code Quality and Security / 8.40.0.48530 / 1032f59c84b83ac511bb0ddce6be4e53590df0f3
2022.06.14 19:52:57 INFO  web[][o.s.s.p.ServerPluginManager] Deploy XML Code Quality and Security / 2.5.0.3376 / 3b089c16cf0736c56f4fdb2fc88ddad59e7ca45d
2022.06.14 19:52:58 INFO  web[][o.s.s.p.d.m.c.PostgresCharsetHandler] Verify that database charset supports UTF8
2022.06.14 19:52:58 INFO  web[][o.s.s.e.EsClientProvider] Connected to local Elasticsearch: [http://localhost:9001]
2022.06.14 19:52:59 WARN  web[][o.s.a.s.w.WebService$Action] Description is not set on action api/monitoring/metrics
2022.06.14 19:52:59 WARN  web[][o.s.a.s.w.WebService$Action] Since is not set on action api/monitoring/metrics
2022.06.14 19:52:59 WARN  web[][o.s.a.s.w.WebService$Action] The response example is not set on action api/monitoring/metrics
2022.06.14 19:52:59 WARN  web[][o.s.a.s.w.WebService$Action] The response example is not set on action api/system/liveness
2022.06.14 19:52:59 INFO  web[][o.s.s.p.d.m.AutoDbMigration] Automatically perform DB migration on fresh install
2022.06.14 19:52:59 INFO  web[][DbMigrations] Executing DB migrations...
2022.06.14 19:52:59 INFO  web[][DbMigrations] #1 'Create initial schema'...
2022.06.14 19:53:00 INFO  web[][DbMigrations] #1 'Create initial schema': success | time=1212ms
2022.06.14 19:53:00 INFO  web[][DbMigrations] #2 'Populate initial schema'...
2022.06.14 19:53:00 INFO  web[][DbMigrations] #2 'Populate initial schema': success | time=131ms
2022.06.14 19:53:00 INFO  web[][DbMigrations] #5001 'Drop PK on 'uuid' for 'ce_activity' table'...
2022.06.14 19:53:00 INFO  web[][DbMigrations] #5001 'Drop PK on 'uuid' for 'ce_activity' table': success | time=11ms
2022.06.14 19:53:00 INFO  web[][DbMigrations] #5002 'Drop 'ce_activity_uuid' index'...
2022.06.14 19:53:00 INFO  web[][DbMigrations] #5002 'Drop 'ce_activity_uuid' index': success | time=9ms
2022.06.14 19:53:00 INFO  web[][DbMigrations] #5003 'Recreate PK on 'uuid' for 'ce_activity' table'...
2022.06.14 19:53:00 INFO  web[][DbMigrations] #5003 'Recreate PK on 'uuid' for 'ce_activity' table': success | time=11ms
2022.06.14 19:53:00 INFO  web[][DbMigrations] #5004 'Drop PK on 'uuid' for 'events' table'...
2022.06.14 19:53:00 INFO  web[][DbMigrations] #5004 'Drop PK on 'uuid' for 'events' table': success | time=10ms
2022.06.14 19:53:00 INFO  web[][DbMigrations] #5005 'Drop 'events_uuid' index'...
2022.06.14 19:53:00 INFO  web[][DbMigrations] #5005 'Drop 'events_uuid' index': success | time=9ms
2022.06.14 19:53:00 INFO  web[][DbMigrations] #5006 'Recreate PK on 'uuid' for 'events' table'...
2022.06.14 19:53:00 INFO  web[][DbMigrations] #5006 'Recreate PK on 'uuid' for 'events' table': success | time=8ms
2022.06.14 19:53:00 INFO  web[][DbMigrations] #5007 'Drop PK on 'kee' for 'issues' table'...
2022.06.14 19:53:00 INFO  web[][DbMigrations] #5007 'Drop PK on 'kee' for 'issues' table': success | time=26ms
2022.06.14 19:53:00 INFO  web[][DbMigrations] #5008 'Drop 'issues_kee' index'...
2022.06.14 19:53:00 INFO  web[][DbMigrations] #5008 'Drop 'issues_kee' index': success | time=14ms
2022.06.14 19:53:00 INFO  web[][DbMigrations] #5009 'Recreate PK on 'kee' for 'issues' table'...
2022.06.14 19:53:00 INFO  web[][DbMigrations] #5009 'Recreate PK on 'kee' for 'issues' table': success | time=7ms
2022.06.14 19:53:00 INFO  web[][DbMigrations] #5010 'Drop PK on 'kee' for 'snapshots' table'...
2022.06.14 19:53:00 INFO  web[][DbMigrations] #5010 'Drop PK on 'kee' for 'snapshots' table': success | time=9ms
2022.06.14 19:53:00 INFO  web[][DbMigrations] #5011 'Drop 'analyses_uuid' index'...
2022.06.14 19:53:00 INFO  web[][DbMigrations] #5011 'Drop 'analyses_uuid' index': success | time=6ms
2022.06.14 19:53:00 INFO  web[][DbMigrations] #5012 'Recreate PK on 'kee' for 'snapshots' table'...
2022.06.14 19:53:00 INFO  web[][DbMigrations] #5012 'Recreate PK on 'kee' for 'snapshots' table': success | time=8ms
2022.06.14 19:53:00 INFO  web[][DbMigrations] #6001 'Drop 'manual_measures_component_uuid' index'...
2022.06.14 19:53:00 INFO  web[][DbMigrations] #6001 'Drop 'manual_measures_component_uuid' index': success | time=8ms
2022.06.14 19:53:00 INFO  web[][DbMigrations] #6002 'Drop 'manual_measures' table'...
2022.06.14 19:53:00 INFO  web[][DbMigrations] #6002 'Drop 'manual_measures' table': success | time=9ms
2022.06.14 19:53:00 INFO  web[][DbMigrations] #6003 'Drop custom metrics data from 'live_measures' table'...
2022.06.14 19:53:00 INFO  web[][o.s.s.p.d.m.s.MassUpdate] 0 rows processed (0 items/sec)
2022.06.14 19:53:00 INFO  web[][DbMigrations] #6003 'Drop custom metrics data from 'live_measures' table': success | time=22ms
2022.06.14 19:53:00 INFO  web[][DbMigrations] #6004 'Drop custom metrics data from 'project_measures' table'...
2022.06.14 19:53:00 INFO  web[][o.s.s.p.d.m.s.MassUpdate] 0 rows processed (0 items/sec)
2022.06.14 19:53:00 INFO  web[][DbMigrations] #6004 'Drop custom metrics data from 'project_measures' table': success | time=10ms
2022.06.14 19:53:00 INFO  web[][DbMigrations] #6005 'Drop custom metrics data from 'metrics' table'...
2022.06.14 19:53:00 INFO  web[][o.s.s.p.d.m.s.MassUpdate] 0 rows processed (0 items/sec)
2022.06.14 19:53:00 INFO  web[][DbMigrations] #6005 'Drop custom metrics data from 'metrics' table': success | time=9ms
2022.06.14 19:53:00 INFO  web[][DbMigrations] #6006 'Drop 'user_managed' column from 'metrics' table'...
2022.06.14 19:53:00 INFO  web[][DbMigrations] #6006 'Drop 'user_managed' column from 'metrics' table': success | time=10ms
2022.06.14 19:53:00 INFO  web[][DbMigrations] #6007 'Create Audit table'...
2022.06.14 19:53:00 INFO  web[][DbMigrations] #6007 'Create Audit table': success | time=23ms
2022.06.14 19:53:00 INFO  web[][DbMigrations] #6008 'Add column 'removed' to 'plugins' table'...
2022.06.14 19:53:00 INFO  web[][DbMigrations] #6008 'Add column 'removed' to 'plugins' table': success | time=14ms
2022.06.14 19:53:00 INFO  web[][DbMigrations] #6009 'Alter column 'client_secret' of 'alm_settings' table to length 160'...
2022.06.14 19:53:00 INFO  web[][DbMigrations] #6009 'Alter column 'client_secret' of 'alm_settings' table to length 160': success | time=5ms
2022.06.14 19:53:00 INFO  web[][DbMigrations] #6010 'Alter column 'private_key' of 'alm_settings' table to length 2500'...
2022.06.14 19:53:00 INFO  web[][DbMigrations] #6010 'Alter column 'private_key' of 'alm_settings' table to length 2500': success | time=4ms
2022.06.14 19:53:00 INFO  web[][DbMigrations] #6011 'Create 'portfolios' table'...
2022.06.14 19:53:00 INFO  web[][DbMigrations] #6011 'Create 'portfolios' table': success | time=16ms
2022.06.14 19:53:00 INFO  web[][DbMigrations] #6012 'Create unique index for 'kee' in 'portfolios''...
2022.06.14 19:53:00 INFO  web[][DbMigrations] #6012 'Create unique index for 'kee' in 'portfolios'': success | time=16ms
2022.06.14 19:53:00 INFO  web[][DbMigrations] #6013 'Create 'portfolio_references' table'...
2022.06.14 19:53:00 INFO  web[][DbMigrations] #6013 'Create 'portfolio_references' table': success | time=14ms
2022.06.14 19:53:00 INFO  web[][DbMigrations] #6014 'Create unique index for 'portfolio_references''...
2022.06.14 19:53:01 INFO  web[][DbMigrations] #6014 'Create unique index for 'portfolio_references'': success | time=16ms
2022.06.14 19:53:01 INFO  web[][DbMigrations] #6015 'Create 'portfolio_projects' table'...
2022.06.14 19:53:01 INFO  web[][DbMigrations] #6015 'Create 'portfolio_projects' table': success | time=12ms
2022.06.14 19:53:01 INFO  web[][DbMigrations] #6016 'Create unique index for 'portfolio_projects''...
2022.06.14 19:53:01 INFO  web[][DbMigrations] #6016 'Create unique index for 'portfolio_projects'': success | time=75ms
2022.06.14 19:53:01 INFO  web[][DbMigrations] #6017 'Migrate portfolios to new tables'...
2022.06.14 19:53:01 INFO  web[][DbMigrations] #6017 'Migrate portfolios to new tables': success | time=3ms
2022.06.14 19:53:01 INFO  web[][DbMigrations] #6018 'Create index for 'issue_changes' on 'issue_key' and 'change_type''...
2022.06.14 19:53:01 INFO  web[][DbMigrations] #6018 'Create index for 'issue_changes' on 'issue_key' and 'change_type'': success | time=13ms
2022.06.14 19:53:01 INFO  web[][DbMigrations] #6019 'Remove SVN related properties'...
2022.06.14 19:53:01 INFO  web[][DbMigrations] #6019 'Remove SVN related properties': success | time=3ms
2022.06.14 19:53:01 INFO  web[][DbMigrations] #6101 'Change size of column 'selection_expression' in 'Portfolios''...
2022.06.14 19:53:01 INFO  web[][DbMigrations] #6101 'Change size of column 'selection_expression' in 'Portfolios'': success | time=4ms
2022.06.14 19:53:01 INFO  web[][DbMigrations] #6102 'Migrate Bitbucket.org authentication plugin settings to built-in authentication settings'...
2022.06.14 19:53:01 INFO  web[][DbMigrations] #6102 'Migrate Bitbucket.org authentication plugin settings to built-in authentication settings': success | time=3ms
2022.06.14 19:53:01 INFO  web[][DbMigrations] #6103 'Create column quick_fix_available in 'issues''...
2022.06.14 19:53:01 INFO  web[][DbMigrations] #6103 'Create column quick_fix_available in 'issues'': success | time=12ms
2022.06.14 19:53:01 INFO  web[][DbMigrations] #6104 'Create qgate_user_permissions Table'...
2022.06.14 19:53:01 INFO  web[][DbMigrations] #6104 'Create qgate_user_permissions Table': success | time=18ms
2022.06.14 19:53:01 INFO  web[][DbMigrations] #6105 'Create qgate_group_permissions Table'...
2022.06.14 19:53:01 INFO  web[][DbMigrations] #6105 'Create qgate_group_permissions Table': success | time=31ms
2022.06.14 19:53:01 INFO  web[][DbMigrations] #6106 'Create column sonarlint_ad_seen in 'users''...
2022.06.14 19:53:01 INFO  web[][DbMigrations] #6106 'Create column sonarlint_ad_seen in 'users'': success | time=12ms
2022.06.14 19:53:01 INFO  web[][DbMigrations] #6107 'Upsert value of sonarlint_ad_seen in 'users''...
2022.06.14 19:53:01 INFO  web[][DbMigrations] #6107 'Upsert value of sonarlint_ad_seen in 'users'': success | time=3ms
2022.06.14 19:53:01 INFO  web[][DbMigrations] #6108 'Change size of column 'kee' in 'components''...
2022.06.14 19:53:01 INFO  web[][DbMigrations] #6108 'Change size of column 'kee' in 'components'': success | time=5ms
2022.06.14 19:53:01 INFO  web[][DbMigrations] #6109 'Create table 'portfolio_proj_branches''...
2022.06.14 19:53:01 INFO  web[][DbMigrations] #6109 'Create table 'portfolio_proj_branches'': success | time=12ms
2022.06.14 19:53:01 INFO  web[][DbMigrations] #6110 'Add column 'branch_key' to table 'portfolios''...
2022.06.14 19:53:01 INFO  web[][DbMigrations] #6110 'Add column 'branch_key' to table 'portfolios'': success | time=12ms
2022.06.14 19:53:01 INFO  web[][DbMigrations] #6111 'Change size of column 'kee' in 'components''...
2022.06.14 19:53:01 INFO  web[][DbMigrations] #6111 'Change size of column 'kee' in 'components'': success | time=5ms
2022.06.14 19:53:01 INFO  web[][DbMigrations] #6112 'Create 'project_badge_token' Table'...
2022.06.14 19:53:01 INFO  web[][DbMigrations] #6112 'Create 'project_badge_token' Table': success | time=13ms
2022.06.14 19:53:01 INFO  web[][DbMigrations] #6113 'Deprecate quality profile 'Sonar way Recommended' for js and ts'...
2022.06.14 19:53:01 INFO  web[][DbMigrations] #6113 'Deprecate quality profile 'Sonar way Recommended' for js and ts': success | time=6ms
2022.06.14 19:53:01 INFO  web[][DbMigrations] #6114 'Drop the 'sonar.lf.aboutText' property value'...
2022.06.14 19:53:01 INFO  web[][DbMigrations] #6114 'Drop the 'sonar.lf.aboutText' property value': success | time=3ms
2022.06.14 19:53:01 INFO  web[][DbMigrations] #6201 'Fix usage of deprecated column in MSSQL'...
2022.06.14 19:53:01 INFO  web[][DbMigrations] #6201 'Fix usage of deprecated column in MSSQL': success | time=2ms
2022.06.14 19:53:01 INFO  web[][DbMigrations] #6202 'Drop index 'uniq_portfolio_references''...
2022.06.14 19:53:01 INFO  web[][DbMigrations] #6202 'Drop index 'uniq_portfolio_references'': success | time=8ms
2022.06.14 19:53:01 INFO  web[][DbMigrations] #6203 'Add column 'branch_uuid' to 'portfolio_references''...
2022.06.14 19:53:01 INFO  web[][DbMigrations] #6203 'Add column 'branch_uuid' to 'portfolio_references'': success | time=12ms
2022.06.14 19:53:01 INFO  web[][DbMigrations] #6204 'Create index 'uniq_portfolio_references''...
2022.06.14 19:53:01 INFO  web[][DbMigrations] #6204 'Create index 'uniq_portfolio_references'': success | time=14ms
2022.06.14 19:53:01 INFO  web[][DbMigrations] #6205 'Create table 'new_code_reference_branch_issues''...
2022.06.14 19:53:01 INFO  web[][DbMigrations] #6205 'Create table 'new_code_reference_branch_issues'': success | time=14ms
2022.06.14 19:53:01 INFO  web[][DbMigrations] #6206 'Create index 'uniq_new_code_reference_issues''...
2022.06.14 19:53:01 INFO  web[][DbMigrations] #6206 'Create index 'uniq_new_code_reference_issues'': success | time=13ms
2022.06.14 19:53:01 INFO  web[][DbMigrations] #6301 'Drop unused Issues Column REPORTER'...
2022.06.14 19:53:01 INFO  web[][DbMigrations] #6301 'Drop unused Issues Column REPORTER': success | time=10ms
2022.06.14 19:53:01 INFO  web[][DbMigrations] #6302 'Drop unused Issues Column ACTION_PLAN_KEY'...
2022.06.14 19:53:01 INFO  web[][DbMigrations] #6302 'Drop unused Issues Column ACTION_PLAN_KEY': success | time=8ms
2022.06.14 19:53:01 INFO  web[][DbMigrations] #6303 'Drop unused Issues Column ISSUE_ATTRIBUTES'...
2022.06.14 19:53:01 INFO  web[][DbMigrations] #6303 'Drop unused Issues Column ISSUE_ATTRIBUTES': success | time=8ms
2022.06.14 19:53:01 INFO  web[][DbMigrations] #6304 'Create table 'SCANNER_ANALYSIS_CACHE'...
2022.06.14 19:53:01 INFO  web[][DbMigrations] #6304 'Create table 'SCANNER_ANALYSIS_CACHE': success | time=16ms
2022.06.14 19:53:01 INFO  web[][DbMigrations] #6305 'Issue warning for users using SHA1 hash method'...
2022.06.14 19:53:01 INFO  web[][DbMigrations] #6305 'Issue warning for users using SHA1 hash method': success | time=3ms
2022.06.14 19:53:01 INFO  web[][DbMigrations] #6306 'Drop table 'user_properties''...
2022.06.14 19:53:01 INFO  web[][DbMigrations] #6306 'Drop table 'user_properties'': success | time=7ms
2022.06.14 19:53:01 INFO  web[][DbMigrations] #6401 'Add column 'project_key' to 'user_tokens''...
2022.06.14 19:53:01 INFO  web[][DbMigrations] #6401 'Add column 'project_key' to 'user_tokens'': success | time=10ms
2022.06.14 19:53:01 INFO  web[][DbMigrations] #6402 'Add column 'type' to 'user_tokens''...
2022.06.14 19:53:01 INFO  web[][DbMigrations] #6402 'Add column 'type' to 'user_tokens'': success | time=10ms
2022.06.14 19:53:01 INFO  web[][DbMigrations] #6403 'Upsert value of type in 'user_tokens''...
2022.06.14 19:53:01 INFO  web[][DbMigrations] #6403 'Upsert value of type in 'user_tokens'': success | time=4ms
2022.06.14 19:53:01 INFO  web[][DbMigrations] #6404 'Make column 'type' in 'user_tokens' not nullable'...
2022.06.14 19:53:01 INFO  web[][DbMigrations] #6404 'Make column 'type' in 'user_tokens' not nullable': success | time=4ms
2022.06.14 19:53:01 INFO  web[][DbMigrations] #6405 'Create table RULE_DESC_SECTIONS'...
2022.06.14 19:53:01 INFO  web[][DbMigrations] #6405 'Create table RULE_DESC_SECTIONS': success | time=17ms
2022.06.14 19:53:01 INFO  web[][DbMigrations] #6406 'Insert description from RULES into RULE_DESC_SECTIONS'...
2022.06.14 19:53:01 INFO  web[][DbMigrations] #6406 'Insert description from RULES into RULE_DESC_SECTIONS': success | time=9ms
2022.06.14 19:53:01 INFO  web[][DbMigrations] #6407 'Create index for RULE_DESC_SECTIONS'...
2022.06.14 19:53:01 INFO  web[][DbMigrations] #6407 'Create index for RULE_DESC_SECTIONS': success | time=12ms
2022.06.14 19:53:01 INFO  web[][DbMigrations] #6408 'Drop column DESCRIPTIONS from RULES table'...
2022.06.14 19:53:01 INFO  web[][DbMigrations] #6408 'Drop column DESCRIPTIONS from RULES table': success | time=9ms
2022.06.14 19:53:01 INFO  web[][DbMigrations] #6409 'Drop column CREATED_AT from RULES_METADATA table'...
2022.06.14 19:53:01 INFO  web[][DbMigrations] #6409 'Drop column CREATED_AT from RULES_METADATA table': success | time=8ms
2022.06.14 19:53:01 INFO  web[][DbMigrations] #6410 'Drop column UPDATED_AT from RULES_METADATA table'...
2022.06.14 19:53:01 INFO  web[][DbMigrations] #6410 'Drop column UPDATED_AT from RULES_METADATA table': success | time=9ms
2022.06.14 19:53:01 INFO  web[][DbMigrations] #6411 'Overwrite plugin file hash to force reloading rules'...
2022.06.14 19:53:01 INFO  web[][DbMigrations] #6411 'Overwrite plugin file hash to force reloading rules': success | time=4ms
2022.06.14 19:53:01 INFO  web[][DbMigrations] #6412 'Add rules_metadata columns to rules table'...
2022.06.14 19:53:01 INFO  web[][DbMigrations] #6412 'Add rules_metadata columns to rules table': success | time=117ms
2022.06.14 19:53:01 INFO  web[][DbMigrations] #6413 'Populate rules metadata in rules table'...
2022.06.14 19:53:01 INFO  web[][o.s.s.p.d.m.s.MassUpdate] 0 rows processed (0 items/sec)
2022.06.14 19:53:01 INFO  web[][DbMigrations] #6413 'Populate rules metadata in rules table': success | time=9ms
2022.06.14 19:53:01 INFO  web[][DbMigrations] #6414 'Drop rules_metadata table'...
2022.06.14 19:53:01 INFO  web[][DbMigrations] #6414 'Drop rules_metadata table': success | time=8ms
2022.06.14 19:53:01 INFO  web[][DbMigrations] #6415 'Migrate hotspot rule descriptions'...
2022.06.14 19:53:01 INFO  web[][DbMigrations] #6415 'Migrate hotspot rule descriptions': success | time=4ms
2022.06.14 19:53:01 INFO  web[][DbMigrations] #6416 'Remove onboarded column from User table'...
2022.06.14 19:53:01 INFO  web[][DbMigrations] #6416 'Remove onboarded column from User table': success | time=7ms
2022.06.14 19:53:01 INFO  web[][DbMigrations] #6417 'Add column 'user_triggered' to 'audits''...
2022.06.14 19:53:01 INFO  web[][DbMigrations] #6417 'Add column 'user_triggered' to 'audits'': success | time=10ms
2022.06.14 19:53:01 INFO  web[][DbMigrations] #6418 'Upsert value of 'user_triggered' in 'audits''...
2022.06.14 19:53:01 INFO  web[][DbMigrations] #6418 'Upsert value of 'user_triggered' in 'audits'': success | time=4ms
2022.06.14 19:53:01 INFO  web[][DbMigrations] Executed DB migrations: success | time=2350ms
2022.06.14 19:53:01 INFO  web[][o.s.s.p.Platform] Database has been automatically updated
2022.06.14 19:53:01 INFO  web[][o.s.s.p.w.MasterServletFilter] Initializing servlet filter org.sonar.server.platform.web.WebServiceFilter@55c50f52 [pattern=UrlPattern{inclusions=[/api/system/migrate_db.*, ...], exclusions=[/api/components/update_key, ...]}]
2022.06.14 19:53:01 INFO  web[][o.s.s.p.DetectPluginChange] Detect plugin changes
2022.06.14 19:53:01 INFO  web[][o.s.s.a.EmbeddedTomcat] HTTP connector enabled on port 9000
2022.06.14 19:53:04 INFO  web[][o.s.s.e.IndexCreator] Create index [metadatas]
2022.06.14 19:53:05 INFO  web[][o.s.s.e.IndexCreator] Create type metadatas/metadata
2022.06.14 19:53:05 INFO  web[][o.s.s.e.IndexCreator] Create index [components]
2022.06.14 19:53:06 INFO  web[][o.s.s.e.IndexCreator] Create type components/auth
2022.06.14 19:53:06 INFO  web[][o.s.s.e.IndexCreator] Create index [projectmeasures]
2022.06.14 19:53:06 INFO  web[][o.s.s.e.IndexCreator] Create type projectmeasures/auth
2022.06.14 19:53:06 INFO  web[][o.s.s.e.IndexCreator] Create index [rules]
2022.06.14 19:53:07 INFO  web[][o.s.s.e.IndexCreator] Create type rules/rule
2022.06.14 19:53:07 INFO  web[][o.s.s.e.IndexCreator] Create index [issues]
2022.06.14 19:53:07 INFO  web[][o.s.s.e.IndexCreator] Create type issues/auth
2022.06.14 19:53:07 INFO  web[][o.s.s.e.IndexCreator] Create index [users]
2022.06.14 19:53:07 INFO  web[][o.s.s.e.IndexCreator] Create type users/user
2022.06.14 19:53:07 INFO  web[][o.s.s.e.IndexCreator] Create index [views]
2022.06.14 19:53:08 INFO  web[][o.s.s.e.IndexCreator] Create type views/view
2022.06.14 19:53:08 INFO  web[][o.s.s.s.LogServerId] Server ID: 243B8A4D-AYFjxsxv7daBigSNK_Y6
2022.06.14 19:53:08 WARN  web[][o.s.s.a.LogOAuthWarning] For security reasons, OAuth authentication should use HTTPS. You should set the property 'Administration > Configuration > Server base URL' to a HTTPS URL.
2022.06.14 19:53:08 INFO  web[][o.s.s.p.UpdateCenterClient] Update center: https://update.sonarsource.org/update-center.properties (no proxy)
2022.06.14 19:53:10 WARN  web[][o.s.a.s.w.WebService$Action] The response example is not set on action api/system/liveness
2022.06.14 19:53:10 WARN  web[][o.s.a.s.w.WebService$Action] The response example is not set on action api/plugins/download
2022.06.14 19:53:10 WARN  web[][o.s.a.s.w.WebService$Action] The response example is not set on action api/analysis_cache/get
2022.06.14 19:53:10 WARN  web[][o.s.a.s.w.WebService$Action] The response example is not set on action api/alm_integrations/list_bitbucketserver_projects
2022.06.14 19:53:10 WARN  web[][o.s.a.s.w.WebService$Action] The response example is not set on action api/alm_integrations/search_bitbucketcloud_repos
2022.06.14 19:53:10 WARN  web[][o.s.a.s.w.WebService$Action] The response example is not set on action api/alm_integrations/check_pat
2022.06.14 19:53:10 WARN  web[][o.s.a.s.w.WebService$Action] The response example is not set on action api/alm_integrations/list_azure_projects
2022.06.14 19:53:10 WARN  web[][o.s.a.s.w.WebService$Action] The response example is not set on action api/alm_integrations/search_bitbucketserver_repos
2022.06.14 19:53:10 WARN  web[][o.s.a.s.w.WebService$Action] The response example is not set on action api/alm_integrations/search_azure_repos
2022.06.14 19:53:10 WARN  web[][o.s.a.s.w.WebService$Action] The response example is not set on action api/project_dump/status
2022.06.14 19:53:10 WARN  web[][o.s.a.s.w.WebService$Action] The response example is not set on action api/push/sonarlint_events
2022.06.14 19:53:10 INFO  web[][o.s.s.n.NotificationDaemon] Notification service started (delay 60 sec.)
2022.06.14 19:53:10 INFO  web[][o.s.s.a.p.ExpiredSessionsCleaner] Purge of expired session tokens has removed 0 elements
2022.06.14 19:53:10 INFO  web[][o.s.s.a.p.ExpiredSessionsCleaner] Purge of expired SAML message ids has removed 0 elements
2022.06.14 19:53:10 INFO  web[][o.s.s.t.TelemetryDaemon] Sharing of SonarQube statistics is enabled.
2022.06.14 19:53:10 INFO  web[][o.s.s.s.GeneratePluginIndex] Generate scanner plugin index
2022.06.14 19:53:10 INFO  web[][o.s.s.s.RegisterMetrics] Register metrics
2022.06.14 19:53:10 INFO  web[][o.s.s.q.RegisterQualityGates] Built-in quality gate's conditions of [Sonar way] has been updated
2022.06.14 19:53:10 INFO  web[][o.s.s.r.RegisterRules] Register rules
2022.06.14 19:53:32 INFO  web[][o.s.s.q.b.BuiltInQProfileRepositoryImpl] Load quality profiles
2022.06.14 19:53:33 INFO  web[][o.s.s.q.RegisterQualityProfiles] Register quality profiles
2022.06.14 19:53:33 INFO  web[][o.s.s.q.RegisterQualityProfiles] Register profile css/Sonar way
2022.06.14 19:53:33 INFO  web[][o.s.s.q.RegisterQualityProfiles] Register profile scala/Sonar way
2022.06.14 19:53:33 INFO  web[][o.s.s.q.RegisterQualityProfiles] Register profile jsp/Sonar way
2022.06.14 19:53:33 INFO  web[][o.s.s.q.RegisterQualityProfiles] Register profile go/Sonar way
2022.06.14 19:53:33 INFO  web[][o.s.s.q.RegisterQualityProfiles] Register profile kotlin/Sonar way
2022.06.14 19:53:33 INFO  web[][o.s.s.q.RegisterQualityProfiles] Register profile js/Sonar way
2022.06.14 19:53:33 INFO  web[][o.s.s.q.RegisterQualityProfiles] Register profile py/Sonar way
2022.06.14 19:53:34 INFO  web[][o.s.s.q.RegisterQualityProfiles] Register profile ruby/Sonar way
2022.06.14 19:53:34 INFO  web[][o.s.s.q.RegisterQualityProfiles] Register profile cs/Sonar way
2022.06.14 19:53:34 INFO  web[][o.s.s.q.RegisterQualityProfiles] Register profile java/Sonar way
2022.06.14 19:53:34 INFO  web[][o.s.s.q.RegisterQualityProfiles] Register profile web/Sonar way
2022.06.14 19:53:34 INFO  web[][o.s.s.q.RegisterQualityProfiles] Register profile flex/Sonar way
2022.06.14 19:53:34 INFO  web[][o.s.s.q.RegisterQualityProfiles] Register profile xml/Sonar way
2022.06.14 19:53:34 INFO  web[][o.s.s.q.RegisterQualityProfiles] Register profile json/Sonar way
2022.06.14 19:53:34 INFO  web[][o.s.s.q.RegisterQualityProfiles] Register profile php/Sonar way
2022.06.14 19:53:35 INFO  web[][o.s.s.q.RegisterQualityProfiles] Register profile php/PSR-2
2022.06.14 19:53:35 INFO  web[][o.s.s.q.RegisterQualityProfiles] Register profile php/Drupal
2022.06.14 19:53:35 INFO  web[][o.s.s.q.RegisterQualityProfiles] Register profile terraform/Sonar way
2022.06.14 19:53:35 INFO  web[][o.s.s.q.RegisterQualityProfiles] Register profile text/Sonar way
2022.06.14 19:53:35 INFO  web[][o.s.s.q.RegisterQualityProfiles] Register profile vbnet/Sonar way
2022.06.14 19:53:35 INFO  web[][o.s.s.q.RegisterQualityProfiles] Register profile cloudformation/Sonar way
2022.06.14 19:53:35 INFO  web[][o.s.s.q.RegisterQualityProfiles] Register profile yaml/Sonar way
2022.06.14 19:53:35 INFO  web[][o.s.s.q.RegisterQualityProfiles] Register profile ts/Sonar way
2022.06.14 19:53:35 INFO  web[][o.s.s.s.RegisterPermissionTemplates] Register permission templates
2022.06.14 19:53:35 INFO  web[][o.s.s.s.RenameDeprecatedPropertyKeys] Rename deprecated property keys
2022.06.14 19:53:35 INFO  web[][o.s.s.s.RegisterPlugins] Register plugins
2022.06.14 19:53:35 INFO  web[][o.s.s.p.w.MasterServletFilter] Initializing servlet filter org.sonar.server.platform.web.SonarLintConnectionFilter@748b3f24 [pattern=UrlPattern{inclusions=[/api/*], exclusions=[]}]
2022.06.14 19:53:35 INFO  web[][o.s.s.p.w.MasterServletFilter] Initializing servlet filter org.sonar.server.platform.web.WebServiceFilter@52e2166f [pattern=UrlPattern{inclusions=[/api/issues/delete_comment.*, ...], exclusions=[/api/authentication/login.*, ...]}]
2022.06.14 19:53:35 INFO  web[][o.s.s.p.w.MasterServletFilter] Initializing servlet filter org.sonar.server.platform.web.WebServiceReroutingFilter@27086b28 [pattern=UrlPattern{inclusions=[/api/components/bulk_update_key, ...], exclusions=[]}]
2022.06.14 19:53:35 INFO  web[][o.s.s.p.w.MasterServletFilter] Initializing servlet filter org.sonar.server.authentication.DefaultAdminCredentialsVerifierFilter@11a371ba [pattern=UrlPattern{inclusions=[/*], exclusions=[*.css, ...]}]
2022.06.14 19:53:35 INFO  web[][o.s.s.p.w.MasterServletFilter] Initializing servlet filter org.sonar.server.authentication.InitFilter@3c7c0eb5 [pattern=UrlPattern{inclusions=[/sessions/init/*], exclusions=[]}]
2022.06.14 19:53:35 INFO  web[][o.s.s.p.w.MasterServletFilter] Initializing servlet filter org.sonar.server.authentication.OAuth2CallbackFilter@7e6f363b [pattern=UrlPattern{inclusions=[/oauth2/callback/*], exclusions=[]}]
2022.06.14 19:53:35 INFO  web[][o.s.s.p.w.MasterServletFilter] Initializing servlet filter org.sonar.server.authentication.ResetPasswordFilter@1ada43f5 [pattern=UrlPattern{inclusions=[/*], exclusions=[*.css, ...]}]
2022.06.14 19:53:35 INFO  web[][o.s.s.p.w.MasterServletFilter] Initializing servlet filter org.sonar.server.authentication.ws.LoginAction@f36cb33 [pattern=UrlPattern{inclusions=[/api/authentication/login], exclusions=[]}]
2022.06.14 19:53:35 INFO  web[][o.s.s.p.w.MasterServletFilter] Initializing servlet filter org.sonar.server.authentication.ws.LogoutAction@2727f9e0 [pattern=UrlPattern{inclusions=[/api/authentication/logout], exclusions=[]}]
2022.06.14 19:53:35 INFO  web[][o.s.s.p.w.MasterServletFilter] Initializing servlet filter org.sonar.server.authentication.ws.ValidateAction@595bc46e [pattern=UrlPattern{inclusions=[/api/authentication/validate], exclusions=[]}]
2022.06.14 19:53:35 INFO  web[][o.s.s.p.w.MasterServletFilter] Initializing servlet filter org.sonar.server.user.ws.ChangePasswordAction@107edfb5 [pattern=UrlPattern{inclusions=[/api/users/change_password], exclusions=[]}]
2022.06.14 19:53:35 INFO  web[][o.s.s.p.w.MasterServletFilter] Initializing servlet filter org.sonar.server.plugins.PluginsRiskConsentFilter@4cab72a9 [pattern=UrlPattern{inclusions=[/*], exclusions=[*.css, ...]}]
2022.06.14 19:53:35 INFO  web[][o.s.s.e.IndexerStartupTask] Indexing of type [users/user]...
2022.06.14 19:53:36 INFO  web[][o.s.s.e.IndexerStartupTask] Indexing of type [users/user] done | time=347ms
2022.06.14 19:53:36 INFO  web[][o.s.s.e.IndexerStartupTask] Indexing of type [projectmeasures/auth/projectmeasure]...
2022.06.14 19:53:36 INFO  web[][o.s.s.e.IndexerStartupTask] Indexing of type [projectmeasures/auth/projectmeasure] done | time=120ms
2022.06.14 19:53:36 INFO  web[][o.s.s.e.IndexerStartupTask] Indexing of type [components/auth/component]...
2022.06.14 19:53:36 INFO  web[][o.s.s.e.IndexerStartupTask] Indexing of type [components/auth/component] done | time=177ms
2022.06.14 19:53:36 INFO  web[][o.s.s.e.IndexerStartupTask] Indexing of type [views/view]...
2022.06.14 19:53:36 INFO  web[][o.s.s.e.IndexerStartupTask] Indexing of type [views/view] done | time=303ms
2022.06.14 19:53:36 INFO  web[][o.s.s.e.IndexerStartupTask] Trigger asynchronous indexing of type [issues/auth/issue]...
2022.06.14 19:53:36 INFO  web[][o.s.s.i.i.AsyncIssueIndexingImpl] 0 pending indexation task found to be deleted...
2022.06.14 19:53:36 INFO  web[][o.s.s.i.i.AsyncIssueIndexingImpl] 0 completed indexation task found to be deleted...
2022.06.14 19:53:36 INFO  web[][o.s.s.i.i.AsyncIssueIndexingImpl] Indexation task deletion complete.
2022.06.14 19:53:36 INFO  web[][o.s.s.i.i.AsyncIssueIndexingImpl] Deleting tasks characteristics...
2022.06.14 19:53:36 INFO  web[][o.s.s.i.i.AsyncIssueIndexingImpl] Tasks characteristics deletion complete.
2022.06.14 19:53:36 INFO  web[][o.s.s.i.i.AsyncIssueIndexingImpl] 0 branch found in need of issue sync.
2022.06.14 19:53:36 INFO  web[][o.s.s.e.IndexerStartupTask] Trigger asynchronous indexing of type [issues/auth/issue] done | time=37ms
2022.06.14 19:53:36 INFO  web[][o.s.s.e.IndexerStartupTask] Indexing of types [components/auth],[projectmeasures/auth],[issues/auth]...
2022.06.14 19:53:36 INFO  web[][o.s.s.e.IndexerStartupTask] Indexing of types [components/auth],[projectmeasures/auth],[issues/auth] done | time=88ms
2022.06.14 19:53:36 INFO  web[][o.s.s.q.ProjectsInWarningDaemon] Counting number of projects in warning is enabled.
2022.06.14 19:53:36 INFO  web[][o.s.s.p.p.PlatformLevelStartup] Running Community Edition
2022.06.14 19:53:37 INFO  web[][o.s.s.q.ProjectsInWarningDaemon] Counting number of projects in warning will be disabled as there are no more projects in warning.
2022.06.14 19:53:38 INFO  web[][o.s.s.p.Platform] Web Server is operational
2022.06.14 21:10:45 INFO  web[][o.s.p.ProcessEntryPoint] Gracefully stopping process
2022.06.14 21:10:45 INFO  web[][o.s.s.n.NotificationDaemon] Notification service stopped
2022.06.14 21:10:45 WARN  web[][o.a.c.l.WebappClassLoaderBase] The web application [ROOT] appears to have started a thread named [OkHttp gitlab.com] but has failed to stop it. This is very likely to create a memory leak. Stack trace of thread:\n java.base@11.0.14/java.net.SocketInputStream.socketRead0(Native Method)\n java.base@11.0.14/java.net.SocketInputStream.socketRead(SocketInputStream.java:115)\n java.base@11.0.14/java.net.SocketInputStream.read(SocketInputStream.java:168)\n java.base@11.0.14/java.net.SocketInputStream.read(SocketInputStream.java:140)\n java.base@11.0.14/sun.security.ssl.SSLSocketInputRecord.read(SSLSocketInputRecord.java:478)\n java.base@11.0.14/sun.security.ssl.SSLSocketInputRecord.readHeader(SSLSocketInputRecord.java:472)\n java.base@11.0.14/sun.security.ssl.SSLSocketInputRecord.bytesInCompletePacket(SSLSocketInputRecord.java:70)\n java.base@11.0.14/sun.security.ssl.SSLSocketImpl.readApplicationRecord(SSLSocketImpl.java:1449)\n java.base@11.0.14/sun.security.ssl.SSLSocketImpl$AppInputStream.read(SSLSocketImpl.java:1060)\n app//okio.InputStreamSource.read(JvmOkio.kt:90)\n app//okio.AsyncTimeout$source$1.read(AsyncTimeout.kt:129)\n app//okio.RealBufferedSource.request(RealBufferedSource.kt:206)\n app//okio.RealBufferedSource.require(RealBufferedSource.kt:199)\n app//okhttp3.internal.http2.Http2Reader.nextFrame(Http2Reader.kt:89)\n app//okhttp3.internal.http2.Http2Connection$ReaderRunnable.invoke(Http2Connection.kt:618)\n app//okhttp3.internal.http2.Http2Connection$ReaderRunnable.invoke(Http2Connection.kt:609)\n app//okhttp3.internal.concurrent.TaskQueue$execute$1.runOnce(TaskQueue.kt:98)\n app//okhttp3.internal.concurrent.TaskRunner.runTask(TaskRunner.kt:116)\n app//okhttp3.internal.concurrent.TaskRunner.access$runTask(TaskRunner.kt:42)\n app//okhttp3.internal.concurrent.TaskRunner$runnable$1.run(TaskRunner.kt:65)\n java.base@11.0.14/java.util.concurrent.ThreadPoolExecutor.runWorker(ThreadPoolExecutor.java:1128)\n java.base@11.0.14/java.util.concurrent.ThreadPoolExecutor$Worker.run(ThreadPoolExecutor.java:628)\n java.base@11.0.14/java.lang.Thread.run(Thread.java:829)
2022.06.14 21:10:45 WARN  web[][o.a.c.l.WebappClassLoaderBase] The web application [ROOT] appears to have started a thread named [OkHttp TaskRunner] but has failed to stop it. This is very likely to create a memory leak. Stack trace of thread:\n java.base@11.0.14/java.lang.Object.wait(Native Method)\n java.base@11.0.14/java.lang.Object.wait(Object.java:462)\n app//okhttp3.internal.concurrent.TaskRunner$RealBackend.coordinatorWait(TaskRunner.kt:294)\n app//okhttp3.internal.concurrent.TaskRunner.awaitTaskToRun(TaskRunner.kt:218)\n app//okhttp3.internal.concurrent.TaskRunner$runnable$1.run(TaskRunner.kt:59)\n java.base@11.0.14/java.util.concurrent.ThreadPoolExecutor.runWorker(ThreadPoolExecutor.java:1128)\n java.base@11.0.14/java.util.concurrent.ThreadPoolExecutor$Worker.run(ThreadPoolExecutor.java:628)\n java.base@11.0.14/java.lang.Thread.run(Thread.java:829)
2022.06.14 21:10:45 INFO  web[][o.s.s.app.WebServer] Web Server stopped
2022.06.14 21:36:45 INFO  web[][o.s.p.ProcessEntryPoint] Starting Web Server
2022.06.14 21:36:47 INFO  web[][o.s.s.p.LogServerVersion] SonarQube Server / 9.5.0.56709 / 3185a5669fdfaf7e4fa6dc7876e0b0dfd5d2aae7
2022.06.14 21:36:47 INFO  web[][o.sonar.db.Database] Create JDBC data source for jdbc:postgresql://db:5432/sonar
2022.06.14 21:36:48 INFO  web[][o.s.s.p.ServerFileSystemImpl] SonarQube home: /opt/sonarqube
2022.06.14 21:36:48 INFO  web[][o.s.s.u.SystemPasscodeImpl] System authentication by passcode is disabled
2022.06.14 21:36:49 INFO  web[][o.s.s.p.ServerPluginManager] Deploy C# Code Quality and Security / 8.40.0.48530 / 1032f59c84b83ac511bb0ddce6be4e53590df0f3
2022.06.14 21:36:49 INFO  web[][o.s.s.p.ServerPluginManager] Deploy Configuration detection fot Code Quality and Security / 1.2.0.267 / 4f37ba9ffb37a96d5883e52ad392ed32c5c6eaab
2022.06.14 21:36:49 INFO  web[][o.s.s.p.ServerPluginManager] Deploy Flex Code Quality and Security / 2.7.0.2865 / 9e61d9774455b25eefd0b71bf8903cb030641864
2022.06.14 21:36:49 INFO  web[][o.s.s.p.ServerPluginManager] Deploy Go Code Quality and Security / 1.9.0.3429 / faf3c08c0ebf3a877186442cd4a0ddd50de079a8
2022.06.14 21:36:49 INFO  web[][o.s.s.p.ServerPluginManager] Deploy HTML Code Quality and Security / 3.6.0.3106 / 963bdc9f051f5dcb698b418790364231aeea04f2
2022.06.14 21:36:49 INFO  web[][o.s.s.p.ServerPluginManager] Deploy IaC Code Quality and Security / 1.7.0.2012 / a006dbf717537ce3a87bb2b6b088597ead3273d1
2022.06.14 21:36:49 INFO  web[][o.s.s.p.ServerPluginManager] Deploy JaCoCo / 1.1.1.1157 / 83478572b9f23efac29de15e30c7758bbb0c0e47
2022.06.14 21:36:49 INFO  web[][o.s.s.p.ServerPluginManager] Deploy Java Code Quality and Security / 7.12.0.29739 / 0d02c81aa01624ff348b01257ecf7288bbbe0a16
2022.06.14 21:36:49 INFO  web[][o.s.s.p.ServerPluginManager] Deploy JavaScript/TypeScript/CSS Code Quality and Security / 9.3.0.18033 / 8fd364274dc85afd7e70fe8d86b7427b3f8fe3a9
2022.06.14 21:36:49 INFO  web[][o.s.s.p.ServerPluginManager] Deploy Kotlin Code Quality and Security / 2.9.0.1147 / 6ce439214a685d4aabde6461fd609a9a9c1df1c6
2022.06.14 21:36:49 INFO  web[][o.s.s.p.ServerPluginManager] Deploy PHP Code Quality and Security / 3.23.1.8766 / db197ac9daccf3d305ad5e40618a65a95f3d5dde
2022.06.14 21:36:49 INFO  web[][o.s.s.p.ServerPluginManager] Deploy Python Code Quality and Security / 3.13.0.9611 / 59566828fb593103a5b39147d918b1314561b0e4
2022.06.14 21:36:49 INFO  web[][o.s.s.p.ServerPluginManager] Deploy Ruby Code Quality and Security / 1.9.0.3429 / faf3c08c0ebf3a877186442cd4a0ddd50de079a8
2022.06.14 21:36:49 INFO  web[][o.s.s.p.ServerPluginManager] Deploy Scala Code Quality and Security / 1.9.0.3429 / faf3c08c0ebf3a877186442cd4a0ddd50de079a8
2022.06.14 21:36:49 INFO  web[][o.s.s.p.ServerPluginManager] Deploy Text file Code Quality and Security / 1.1.0.282 / a90347d77706f598413780a08442deec4ae68f4e
2022.06.14 21:36:49 INFO  web[][o.s.s.p.ServerPluginManager] Deploy VB.NET Code Quality and Security / 8.40.0.48530 / 1032f59c84b83ac511bb0ddce6be4e53590df0f3
2022.06.14 21:36:49 INFO  web[][o.s.s.p.ServerPluginManager] Deploy XML Code Quality and Security / 2.5.0.3376 / 3b089c16cf0736c56f4fdb2fc88ddad59e7ca45d
2022.06.14 21:36:50 INFO  web[][o.s.s.p.d.m.c.PostgresCharsetHandler] Verify that database charset supports UTF8
2022.06.14 21:36:50 INFO  web[][o.s.s.e.EsClientProvider] Connected to local Elasticsearch: [http://localhost:9001]
2022.06.14 21:36:51 WARN  web[][o.s.a.s.w.WebService$Action] Description is not set on action api/monitoring/metrics
2022.06.14 21:36:51 WARN  web[][o.s.a.s.w.WebService$Action] Since is not set on action api/monitoring/metrics
2022.06.14 21:36:51 WARN  web[][o.s.a.s.w.WebService$Action] The response example is not set on action api/monitoring/metrics
2022.06.14 21:36:51 WARN  web[][o.s.a.s.w.WebService$Action] The response example is not set on action api/system/liveness
2022.06.14 21:36:51 INFO  web[][o.s.s.p.w.MasterServletFilter] Initializing servlet filter org.sonar.server.platform.web.WebServiceFilter@6238d5e0 [pattern=UrlPattern{inclusions=[/api/system/migrate_db.*, ...], exclusions=[/api/components/update_key, ...]}]
2022.06.14 21:36:51 INFO  web[][o.s.s.p.DetectPluginChange] Detect plugin changes
2022.06.14 21:36:51 INFO  web[][o.s.s.p.DetectPluginChange] No plugin change detected
2022.06.14 21:36:51 INFO  web[][o.s.s.a.EmbeddedTomcat] HTTP connector enabled on port 9000
2022.06.14 21:36:54 INFO  web[][o.s.s.s.LogServerId] Server ID: 243B8A4D-AYFjxsxv7daBigSNK_Y6
2022.06.14 21:36:54 WARN  web[][o.s.s.a.LogOAuthWarning] For security reasons, OAuth authentication should use HTTPS. You should set the property 'Administration > Configuration > Server base URL' to a HTTPS URL.
2022.06.14 21:36:54 INFO  web[][o.s.s.p.UpdateCenterClient] Update center: https://update.sonarsource.org/update-center.properties (no proxy)
2022.06.14 21:36:56 WARN  web[][o.s.a.s.w.WebService$Action] The response example is not set on action api/system/liveness
2022.06.14 21:36:56 WARN  web[][o.s.a.s.w.WebService$Action] The response example is not set on action api/plugins/download
2022.06.14 21:36:56 WARN  web[][o.s.a.s.w.WebService$Action] The response example is not set on action api/analysis_cache/get
2022.06.14 21:36:56 WARN  web[][o.s.a.s.w.WebService$Action] The response example is not set on action api/alm_integrations/list_bitbucketserver_projects
2022.06.14 21:36:56 WARN  web[][o.s.a.s.w.WebService$Action] The response example is not set on action api/alm_integrations/search_bitbucketcloud_repos
2022.06.14 21:36:56 WARN  web[][o.s.a.s.w.WebService$Action] The response example is not set on action api/alm_integrations/check_pat
2022.06.14 21:36:56 WARN  web[][o.s.a.s.w.WebService$Action] The response example is not set on action api/alm_integrations/list_azure_projects
2022.06.14 21:36:56 WARN  web[][o.s.a.s.w.WebService$Action] The response example is not set on action api/alm_integrations/search_bitbucketserver_repos
2022.06.14 21:36:56 WARN  web[][o.s.a.s.w.WebService$Action] The response example is not set on action api/alm_integrations/search_azure_repos
2022.06.14 21:36:56 WARN  web[][o.s.a.s.w.WebService$Action] The response example is not set on action api/project_dump/status
2022.06.14 21:36:56 WARN  web[][o.s.a.s.w.WebService$Action] The response example is not set on action api/push/sonarlint_events
2022.06.14 21:36:56 INFO  web[][o.s.s.a.p.ExpiredSessionsCleaner] Purge of expired session tokens has removed 0 elements
2022.06.14 21:36:56 INFO  web[][o.s.s.n.NotificationDaemon] Notification service started (delay 60 sec.)
2022.06.14 21:36:56 INFO  web[][o.s.s.a.p.ExpiredSessionsCleaner] Purge of expired SAML message ids has removed 0 elements
2022.06.14 21:36:56 INFO  web[][o.s.s.t.TelemetryDaemon] Sharing of SonarQube statistics is enabled.
2022.06.14 21:36:56 INFO  web[][o.s.s.s.GeneratePluginIndex] Generate scanner plugin index
2022.06.14 21:36:56 INFO  web[][o.s.s.s.RegisterPermissionTemplates] Register permission templates
2022.06.14 21:36:56 INFO  web[][o.s.s.s.RenameDeprecatedPropertyKeys] Rename deprecated property keys
2022.06.14 21:36:56 INFO  web[][o.s.s.s.RegisterPlugins] Register plugins
2022.06.14 21:36:56 INFO  web[][o.s.s.p.w.MasterServletFilter] Initializing servlet filter org.sonar.server.platform.web.SonarLintConnectionFilter@728764dd [pattern=UrlPattern{inclusions=[/api/*], exclusions=[]}]
2022.06.14 21:36:56 INFO  web[][o.s.s.p.w.MasterServletFilter] Initializing servlet filter org.sonar.server.platform.web.WebServiceFilter@23592a2e [pattern=UrlPattern{inclusions=[/api/issues/delete_comment.*, ...], exclusions=[/api/authentication/login.*, ...]}]
2022.06.14 21:36:56 INFO  web[][o.s.s.p.w.MasterServletFilter] Initializing servlet filter org.sonar.server.platform.web.WebServiceReroutingFilter@1e1daf53 [pattern=UrlPattern{inclusions=[/api/components/bulk_update_key, ...], exclusions=[]}]
2022.06.14 21:36:56 INFO  web[][o.s.s.p.w.MasterServletFilter] Initializing servlet filter org.sonar.server.authentication.DefaultAdminCredentialsVerifierFilter@26dffd6a [pattern=UrlPattern{inclusions=[/*], exclusions=[*.css, ...]}]
2022.06.14 21:36:56 INFO  web[][o.s.s.p.w.MasterServletFilter] Initializing servlet filter org.sonar.server.authentication.InitFilter@6f37d4e0 [pattern=UrlPattern{inclusions=[/sessions/init/*], exclusions=[]}]
2022.06.14 21:36:56 INFO  web[][o.s.s.p.w.MasterServletFilter] Initializing servlet filter org.sonar.server.authentication.OAuth2CallbackFilter@5d58b72 [pattern=UrlPattern{inclusions=[/oauth2/callback/*], exclusions=[]}]
2022.06.14 21:36:56 INFO  web[][o.s.s.p.w.MasterServletFilter] Initializing servlet filter org.sonar.server.authentication.ResetPasswordFilter@76c1cbac [pattern=UrlPattern{inclusions=[/*], exclusions=[*.css, ...]}]
2022.06.14 21:36:56 INFO  web[][o.s.s.p.w.MasterServletFilter] Initializing servlet filter org.sonar.server.authentication.ws.LoginAction@51ebd14d [pattern=UrlPattern{inclusions=[/api/authentication/login], exclusions=[]}]
2022.06.14 21:36:56 INFO  web[][o.s.s.p.w.MasterServletFilter] Initializing servlet filter org.sonar.server.authentication.ws.LogoutAction@3e0ea052 [pattern=UrlPattern{inclusions=[/api/authentication/logout], exclusions=[]}]
2022.06.14 21:36:56 INFO  web[][o.s.s.p.w.MasterServletFilter] Initializing servlet filter org.sonar.server.authentication.ws.ValidateAction@57de08f9 [pattern=UrlPattern{inclusions=[/api/authentication/validate], exclusions=[]}]
2022.06.14 21:36:56 INFO  web[][o.s.s.p.w.MasterServletFilter] Initializing servlet filter org.sonar.server.user.ws.ChangePasswordAction@2f2c4cb3 [pattern=UrlPattern{inclusions=[/api/users/change_password], exclusions=[]}]
2022.06.14 21:36:56 INFO  web[][o.s.s.p.w.MasterServletFilter] Initializing servlet filter org.sonar.server.plugins.PluginsRiskConsentFilter@7e6d0d62 [pattern=UrlPattern{inclusions=[/*], exclusions=[*.css, ...]}]
2022.06.14 21:36:56 INFO  web[][o.s.s.q.ProjectsInWarningDaemon] Counting number of projects in warning is not started as there are no projects in this situation.
2022.06.14 21:36:56 INFO  web[][o.s.s.p.p.PlatformLevelStartup] Running Community Edition
2022.06.14 21:36:57 INFO  web[][o.s.s.p.Platform] Web Server is operational
2022.06.14 21:38:34 INFO  web[AYFkJhgOxf5ppuwuAABA][o.s.d.purge.PurgeDao] 
2022.06.14 21:38:34 INFO  web[AYFkJhgOxf5ppuwuAABA][o.s.d.purge.PurgeDao]  -------- Profiling for project deletion: 79ms --------
2022.06.14 21:38:34 INFO  web[AYFkJhgOxf5ppuwuAABA][o.s.d.purge.PurgeDao] 
2022.06.14 21:38:34 INFO  web[AYFkJhgOxf5ppuwuAABA][o.s.d.purge.PurgeDao]    o deletePermissions (group_roles): 5ms (6%)
2022.06.14 21:38:34 INFO  web[AYFkJhgOxf5ppuwuAABA][o.s.d.purge.PurgeDao]    o deleteIssues (issue_changes): 4ms (5%)
2022.06.14 21:38:34 INFO  web[AYFkJhgOxf5ppuwuAABA][o.s.d.purge.PurgeDao]    o deleteIssues (new_code_reference_issues): 4ms (5%)
2022.06.14 21:38:34 INFO  web[AYFkJhgOxf5ppuwuAABA][o.s.d.purge.PurgeDao]    o deleteComponents (projects): 4ms (5%)
2022.06.14 21:38:34 INFO  web[AYFkJhgOxf5ppuwuAABA][o.s.d.purge.PurgeDao]    o deleteNewCodePeriods (new_code_periods): 3ms (3%)
2022.06.14 21:38:34 INFO  web[AYFkJhgOxf5ppuwuAABA][o.s.d.purge.PurgeDao]    o deleteWebhooks (webhooks): 3ms (3%)
2022.06.14 21:38:34 INFO  web[AYFkJhgOxf5ppuwuAABA][o.s.d.purge.PurgeDao]    o deleteProjectInPortfolios (portfolio_projects): 3ms (3%)
2022.06.14 21:38:34 INFO  web[AYFkJhgOxf5ppuwuAABA][o.s.d.purge.PurgeDao]    o deleteBranch (project_branches): 3ms (3%)
2022.06.14 21:38:34 INFO  web[AYFkJhgOxf5ppuwuAABA][o.s.d.purge.PurgeDao]    o deleteProject (projects): 2ms (2%)
2022.06.14 21:38:34 INFO  web[AYFkJhgOxf5ppuwuAABA][o.s.d.purge.PurgeDao]    o deleteCeActivity (ce_scanner_context): 2ms (2%)
2022.06.14 21:38:34 INFO  web[AYFkJhgOxf5ppuwuAABA][o.s.d.purge.PurgeDao] 
2022.06.14 21:38:34 INFO  web[AYFkJhgOxf5ppuwuAABA][o.s.d.purge.PurgeDao]  -------- End of profiling for project deletion--------
2022.06.14 21:38:34 INFO  web[AYFkJhgOxf5ppuwuAABA][o.s.d.purge.PurgeDao] 
